<?xml version="1.0" encoding="UTF-8"?>
<testsuite xmlns:xsi="http://www.w3.org/2001/XMLSchema-instance" xsi:noNamespaceSchemaLocation="https://maven.apache.org/surefire/maven-surefire-plugin/xsd/surefire-test-report.xsd" name="runnerClasses.CukeRunner" time="2.089" tests="4" errors="0" skipped="0" failures="0">
  <properties>
[...]
</properties>
  <testcase name="Given To initiate Rest service to get charities list" classname="Scenario: To verify that St John is included in the charities list - GET Method" time="0.001"/>
  <testcase name="Then Response status code should be &quot;200&quot;" classname="Scenario: To verify that St John is included in the charities list - GET Method" time="0"/>
  <testcase name="And response should includes &quot;St John&quot;" classname="Scenario: To verify that St John is included in the charities list - GET Method" time="0"/>
  <testcase name="Scenario: To verify that St John is included in the charities list - GET Method" classname="Scenario: To verify that St John is included in the charities list - GET Method" time="0"/>
</testsuite>